<?xml version="1.0" encoding="UTF-8"?>
<testsuite name="com.valerin.venderchest.session.RevisionCasTest" tests="2" skipped="0" failures="0" errors="0" timestamp="2026-07-28T03:09:39.630Z" hostname="MTYN-LAPTOP" time="0.016">
  <properties/>
  <testcase name="twoAsyncSaves_completingInReverseOrder_neverSilentlyOverwritesNewerState()" classname="com.valerin.venderchest.session.RevisionCasTest" time="0.013"/>
  <testcase name="singleConflict_rejectsAStaleWrite()" classname="com.valerin.venderchest.session.RevisionCasTest" time="0.001"/>
  <system-out><![CDATA[]]></system-out>
  <system-err><![CDATA[]]></system-err>
</testsuite>
