<?xml version="1.0" encoding="UTF-8"?>
<testsuite name="com.valerin.venderchest.api.ApiImmutabilityTest" tests="5" skipped="0" failures="0" errors="0" timestamp="2026-07-28T03:09:39.543Z" hostname="MTYN-LAPTOP" time="0.078">
  <properties/>
  <testcase name="vaultSlot_nullItemIsHandledWithoutError()" classname="com.valerin.venderchest.api.ApiImmutabilityTest" time="0.03"/>
  <testcase name="vaultTransactionCommittedEvent_wouldSeeAnUnmodifiableSlotChangeList()" classname="com.valerin.venderchest.api.ApiImmutabilityTest" time="0.007"/>
  <testcase name="vaultSnapshot_slotsListIsUnmodifiable()" classname="com.valerin.venderchest.api.ApiImmutabilityTest" time="0.004"/>
  <testcase name="locationKey_matchesTheStableFormat()" classname="com.valerin.venderchest.api.ApiImmutabilityTest" time="0.027"/>
  <testcase name="slotChange_nullItemsAreHandledWithoutError()" classname="com.valerin.venderchest.api.ApiImmutabilityTest" time="0.001"/>
  <system-out><![CDATA[]]></system-out>
  <system-err><![CDATA[]]></system-err>
</testsuite>
