<?xml version="1.0" encoding="UTF-8"?>
<testsuite name="com.valerin.venderchest.storage.BackupStorageJdbcTest" tests="2" skipped="0" failures="0" errors="0" timestamp="2026-07-28T03:09:39.785Z" hostname="MTYN-LAPTOP" time="0.592">
  <properties/>
  <testcase name="pruneKeepsOnlyTheMostRecentPerVault()" classname="com.valerin.venderchest.storage.BackupStorageJdbcTest" time="0.559"/>
  <testcase name="saveListAndLoadRoundTrip()" classname="com.valerin.venderchest.storage.BackupStorageJdbcTest" time="0.032"/>
  <system-out><![CDATA[]]></system-out>
  <system-err><![CDATA[SLF4J(W): No SLF4J providers were found.
SLF4J(W): Defaulting to no-operation (NOP) logger implementation
SLF4J(W): See https://www.slf4j.org/codes.html#noProviders for further details.
]]></system-err>
</testsuite>
